============================================================
Server base URL: https://powerful-thicket-8477.herokuapp.com
============================================================
Request #1: GET /person Accept: application/xml
=> Result: OK
=> HTTP Status: 200
<people>
   <person>
      <id>1</id>
      <firstname>Sarai</firstname>
      <lastname>Cardoso</lastname>
      <birthdate>1978-09-01T22:00:00Z</birthdate>
      <healthProfile>
         <measurement>
            <mid>5</mid>
            <created>2015-06-06T22:00:00Z</created>
            <measure>height</measure>
            <value>172</value>
            <units>cm</units>
         </measurement>
         <measurement>
            <mid>815</mid>
            <created>2015-06-06T21:58:20Z</created>
            <measure>steps</measure>
            <value>6655</value>
            <units>steps</units>
         </measurement>
         <measurement>
            <mid>782</mid>
            <created>2015-11-21T23:00:00Z</created>
            <measure>weight</measure>
            <value>66.5</value>
            <units>kg</units>
         </measurement>
      </healthProfile>
   </person>
   <person>
      <id>2</id>
      <firstname>Gustavito</firstname>
      <lastname>Brosal</lastname>
      <birthdate>1978-09-01T22:00:00Z</birthdate>
      <healthProfile>
         <measurement>
            <mid>214</mid>
            <created>2015-12-06T23:00:00Z</created>
            <measure>height</measure>
            <value>179</value>
            <units>cm</units>
         </measurement>
         <measurement>
            <mid>6</mid>
            <created>2015-06-06T22:00:00Z</created>
            <measure>weight</measure>
            <value>77</value>
            <units>kg</units>
         </measurement>
      </healthProfile>
   </person>
   <person>
      <id>3</id>
      <firstname>Palincosin</firstname>
      <lastname>Perez</lastname>
      <birthdate>1978-09-01T22:00:00Z</birthdate>
      <healthProfile>
         <measurement>
            <mid>582</mid>
            <created>2015-11-20T23:00:00Z</created>
            <measure>height</measure>
            <value>165</value>
            <units>cm</units>
         </measurement>
         <measurement>
            <mid>745</mid>
            <created>2011-12-08T06:20:00Z</created>
            <measure>steps</measure>
            <value>12334</value>
            <units>steps</units>
         </measurement>
         <measurement>
            <mid>568</mid>
            <created>2015-11-20T23:00:00Z</created>
            <measure>weight</measure>
            <value>46</value>
            <units>kg</units>
         </measurement>
      </healthProfile>
   </person>
   <person>
      <id>4</id>
      <firstname>Peteros</firstname>
      <lastname>Palotes</lastname>
      <birthdate>1982-09-01T22:00:00Z</birthdate>
      <healthProfile/>
   </person>
   <person>
      <id>5</id>
      <firstname>Pablo</firstname>
      <lastname>Villa</lastname>
      <birthdate>1982-10-31T23:00:00Z</birthdate>
      <healthProfile>
         <measurement>
            <mid>758</mid>
            <created>2011-12-08T23:00:00Z</created>
            <measure>steps</measure>
            <value>11222</value>
            <units>steps</units>
         </measurement>
      </healthProfile>
   </person>
</people>

============================================================
Request #2: GET /person/1 Accept: application/xml
=> Result: OK
=> HTTP Status: 200
<person>
   <id>1</id>
   <firstname>Sarai</firstname>
   <lastname>Cardoso</lastname>
   <birthdate>1978-09-01T22:00:00Z</birthdate>
   <healthProfile>
      <measurement>
         <mid>5</mid>
         <created>2015-06-06T22:00:00Z</created>
         <measure>height</measure>
         <value>172</value>
         <units>cm</units>
      </measurement>
      <measurement>
         <mid>815</mid>
         <created>2015-06-06T21:58:20Z</created>
         <measure>steps</measure>
         <value>6655</value>
         <units>steps</units>
      </measurement>
      <measurement>
         <mid>782</mid>
         <created>2015-11-21T23:00:00Z</created>
         <measure>weight</measure>
         <value>66.5</value>
         <units>kg</units>
      </measurement>
   </healthProfile>
</person>

============================================================
Request #3: PUT /person/1 Accept: application/xml Content-Type: application/xml
=> Result: OK
=> HTTP Status: 200
<person>
   <id>1</id>
   <firstname>NEW NAME XML</firstname>
   <lastname>Cardoso</lastname>
   <birthdate>1978-09-01T22:00:00Z</birthdate>
   <healthProfile>
      <measurement>
         <mid>5</mid>
         <created>2015-06-06T22:00:00Z</created>
         <measure>height</measure>
         <value>172</value>
         <units>cm</units>
      </measurement>
      <measurement>
         <mid>815</mid>
         <created>2015-06-06T21:58:20Z</created>
         <measure>steps</measure>
         <value>6655</value>
         <units>steps</units>
      </measurement>
      <measurement>
         <mid>782</mid>
         <created>2015-11-21T23:00:00Z</created>
         <measure>weight</measure>
         <value>66.5</value>
         <units>kg</units>
      </measurement>
   </healthProfile>
</person>

============================================================
Request #4: POST /person Accept: application/xml Content-Type: application/xml
=> Result: OK
=> HTTP Status: 201
<person>
   <id>706</id>
   <firstname>Chuck</firstname>
   <lastname>Norris</lastname>
   <birthdate>1945-01-01T00:00:00Z</birthdate>
   <healthProfile>
      <measurement>
         <mid>817</mid>
         <created>2015-11-23T09:00:14.736Z</created>
         <measure>height</measure>
         <value>172</value>
         <units>cm</units>
      </measurement>
      <measurement>
         <mid>816</mid>
         <created>2015-11-23T09:00:14.736Z</created>
         <measure>weight</measure>
         <value>78.9</value>
         <units>kg</units>
      </measurement>
   </healthProfile>
</person>

============================================================
Request #5: DELETE /person/707
=> Result: OK
=> HTTP Status: 204

============================================================
Request #6: GET /measureTypes Accept: application/xml
=> Result: OK
=> HTTP Status: 200
<measureTypes>
   <measureType>weight</measureType>
   <measureType>height</measureType>
   <measureType>steps</measureType>
</measureTypes>

============================================================
Request #7: GET /person/1/weight Accept: application/xml
=> Result: OK
=> HTTP Status: 200
<measureHistory>
   <measure>
      <mid>782</mid>
      <created>2015-11-21T23:00:00Z</created>
      <measure>weight</measure>
      <value>66.5</value>
      <units>kg</units>
   </measure>
   <measure>
      <mid>1</mid>
      <created>2015-06-06T22:00:00Z</created>
      <measure>weight</measure>
      <value>66.5</value>
      <units>kg</units>
   </measure>
   <measure>
      <mid>2</mid>
      <created>2015-06-06T22:00:00Z</created>
      <measure>weight</measure>
      <value>64</value>
      <units>kg</units>
   </measure>
   <measure>
      <mid>3</mid>
      <created>2015-06-06T22:00:00Z</created>
      <measure>weight</measure>
      <value>58</value>
      <units>kg</units>
   </measure>
   <measure>
      <mid>779</mid>
      <created>2011-12-08T23:00:00Z</created>
      <measure>weight</measure>
      <value>72</value>
      <units>kg</units>
   </measure>
</measureHistory>

============================================================
Request #7: GET /person/1/height Accept: application/xml
=> Result: OK
=> HTTP Status: 200
<measureHistory>
   <measure>
      <mid>4</mid>
      <created>2015-06-06T22:00:00Z</created>
      <measure>height</measure>
      <value>170</value>
      <units>cm</units>
   </measure>
   <measure>
      <mid>5</mid>
      <created>2015-06-06T22:00:00Z</created>
      <measure>height</measure>
      <value>172</value>
      <units>cm</units>
   </measure>
</measureHistory>

============================================================
Request #7: GET /person/1/steps Accept: application/xml
=> Result: OK
=> HTTP Status: 200
<measureHistory>
   <measure>
      <mid>815</mid>
      <created>2015-06-06T21:58:20Z</created>
      <measure>steps</measure>
      <value>6655</value>
      <units>steps</units>
   </measure>
</measureHistory>

============================================================
Request #7: GET /person/5/weight Accept: application/xml
=> Result: ERROR
=> HTTP Status: 200
<measureHistory/>

============================================================
Request #7: GET /person/5/height Accept: application/xml
=> Result: ERROR
=> HTTP Status: 200
<measureHistory/>

============================================================
Request #7: GET /person/5/steps Accept: application/xml
=> Result: OK
=> HTTP Status: 200
<measureHistory>
   <measure>
      <mid>758</mid>
      <created>2011-12-08T23:00:00Z</created>
      <measure>steps</measure>
      <value>11222</value>
      <units>steps</units>
   </measure>
   <measure>
      <mid>763</mid>
      <created>2011-12-08T22:58:20Z</created>
      <measure>steps</measure>
      <value>7222</value>
      <units>steps</units>
   </measure>
   <measure>
      <mid>753</mid>
      <created>2011-12-08T22:57:00Z</created>
      <measure>steps</measure>
      <value>12340</value>
      <units>steps</units>
   </measure>
</measureHistory>

============================================================
Request #8: GET /person/5/steps/758 Accept: application/xml
=> Result: OK
=> HTTP Status: 200
<measure>
   <mid>758</mid>
   <created>2011-12-08T23:00:00Z</created>
   <measure>steps</measure>
   <value>11222</value>
   <units>steps</units>
</measure>

============================================================
Request #9: GET /person/1/weight Accept: application/xml
=> Result: OK
=> HTTP Status: 200
<measureHistory>
   <measure>
      <mid>782</mid>
      <created>2015-11-21T23:00:00Z</created>
      <measure>weight</measure>
      <value>66.5</value>
      <units>kg</units>
   </measure>
   <measure>
      <mid>1</mid>
      <created>2015-06-06T22:00:00Z</created>
      <measure>weight</measure>
      <value>66.5</value>
      <units>kg</units>
   </measure>
   <measure>
      <mid>2</mid>
      <created>2015-06-06T22:00:00Z</created>
      <measure>weight</measure>
      <value>64</value>
      <units>kg</units>
   </measure>
   <measure>
      <mid>3</mid>
      <created>2015-06-06T22:00:00Z</created>
      <measure>weight</measure>
      <value>58</value>
      <units>kg</units>
   </measure>
   <measure>
      <mid>779</mid>
      <created>2011-12-08T23:00:00Z</created>
      <measure>weight</measure>
      <value>72</value>
      <units>kg</units>
   </measure>
</measureHistory>

============================================================
Request #9: POST /person/1/weight Accept: application/xml Content-Type: application/xml
=> Result: OK
=> HTTP Status: 201
<measure>
   <mid>820</mid>
   <created>2011-12-09T00:00:00Z</created>
   <measure>weight</measure>
   <value>72</value>
   <units>kg</units>
</measure>

============================================================
Request #9: GET /person/1/weight Accept: application/xml
=> Result: OK
=> HTTP Status: 200
<measureHistory>
   <measure>
      <mid>782</mid>
      <created>2015-11-21T23:00:00Z</created>
      <measure>weight</measure>
      <value>66.5</value>
      <units>kg</units>
   </measure>
   <measure>
      <mid>1</mid>
      <created>2015-06-06T22:00:00Z</created>
      <measure>weight</measure>
      <value>66.5</value>
      <units>kg</units>
   </measure>
   <measure>
      <mid>2</mid>
      <created>2015-06-06T22:00:00Z</created>
      <measure>weight</measure>
      <value>64</value>
      <units>kg</units>
   </measure>
   <measure>
      <mid>3</mid>
      <created>2015-06-06T22:00:00Z</created>
      <measure>weight</measure>
      <value>58</value>
      <units>kg</units>
   </measure>
   <measure>
      <mid>820</mid>
      <created>2011-12-09T00:00:00Z</created>
      <measure>weight</measure>
      <value>72</value>
      <units>kg</units>
   </measure>
   <measure>
      <mid>779</mid>
      <created>2011-12-08T23:00:00Z</created>
      <measure>weight</measure>
      <value>72</value>
      <units>kg</units>
   </measure>
</measureHistory>

