============================================================
Server base URL: https://powerful-thicket-8477.herokuapp.com
============================================================
Request #1: GET /person Accept: application/json
=> Result: OK
=> HTTP Status: 200
[ {
  "id" : 1,
  "firstname" : "Sarai",
  "lastname" : "Cardoso",
  "birthdate" : 273535200000,
  "healthProfile" : [ {
    "mid" : 5,
    "created" : 1433628000000,
    "measure" : "height",
    "value" : "172",
    "units" : "cm"
  }, {
    "mid" : 815,
    "created" : 1433627900000,
    "measure" : "steps",
    "value" : "6655",
    "units" : "steps"
  }, {
    "mid" : 782,
    "created" : 1448146800000,
    "measure" : "weight",
    "value" : "66.5",
    "units" : "kg"
  } ]
}, {
  "id" : 2,
  "firstname" : "Gustavito",
  "lastname" : "Brosal",
  "birthdate" : 273535200000,
  "healthProfile" : [ {
    "mid" : 214,
    "created" : 1449442800000,
    "measure" : "height",
    "value" : "179",
    "units" : "cm"
  }, {
    "mid" : 6,
    "created" : 1433628000000,
    "measure" : "weight",
    "value" : "77",
    "units" : "kg"
  } ]
}, {
  "id" : 3,
  "firstname" : "Palincosin",
  "lastname" : "Perez",
  "birthdate" : 273535200000,
  "healthProfile" : [ {
    "mid" : 582,
    "created" : 1448060400000,
    "measure" : "height",
    "value" : "165",
    "units" : "cm"
  }, {
    "mid" : 745,
    "created" : 1323325200000,
    "measure" : "steps",
    "value" : "12334",
    "units" : "steps"
  }, {
    "mid" : 568,
    "created" : 1448060400000,
    "measure" : "weight",
    "value" : "46",
    "units" : "kg"
  } ]
}, {
  "id" : 4,
  "firstname" : "Peteros",
  "lastname" : "Palotes",
  "birthdate" : 399765600000,
  "healthProfile" : [ ]
}, {
  "id" : 5,
  "firstname" : "Pablo",
  "lastname" : "Villa",
  "birthdate" : 404953200000,
  "healthProfile" : [ {
    "mid" : 758,
    "created" : 1323385200000,
    "measure" : "steps",
    "value" : "11222",
    "units" : "steps"
  } ]
} ]
============================================================
Request #2: GET /person/1 Accept: application/json
=> Result: OK
=> HTTP Status: 200
{
  "id" : 1,
  "firstname" : "Sarai",
  "lastname" : "Cardoso",
  "birthdate" : 273535200000,
  "healthProfile" : [ {
    "mid" : 5,
    "created" : 1433628000000,
    "measure" : "height",
    "value" : "172",
    "units" : "cm"
  }, {
    "mid" : 815,
    "created" : 1433627900000,
    "measure" : "steps",
    "value" : "6655",
    "units" : "steps"
  }, {
    "mid" : 782,
    "created" : 1448146800000,
    "measure" : "weight",
    "value" : "66.5",
    "units" : "kg"
  } ]
}
============================================================
Request #3: PUT /person/1 Accept: application/json Content-Type: application/json
=> Result: OK
=> HTTP Status: 200
{
  "id" : 1,
  "firstname" : "NEW NAME JSON",
  "lastname" : "Cardoso",
  "birthdate" : 273535200000,
  "healthProfile" : [ {
    "mid" : 5,
    "created" : 1433628000000,
    "measure" : "height",
    "value" : "172",
    "units" : "cm"
  }, {
    "mid" : 815,
    "created" : 1433627900000,
    "measure" : "steps",
    "value" : "6655",
    "units" : "steps"
  }, {
    "mid" : 782,
    "created" : 1448146800000,
    "measure" : "weight",
    "value" : "66.5",
    "units" : "kg"
  } ]
}
============================================================
Request #4: POST /person Accept: application/json Content-Type: application/json
=> Result: OK
=> HTTP Status: 201
{
  "id" : 707,
  "firstname" : "Chuck",
  "lastname" : "Norris",
  "birthdate" : -788918400000,
  "healthProfile" : [ {
    "mid" : 819,
    "created" : 1448269215257,
    "measure" : "height",
    "value" : "172",
    "units" : "cm"
  }, {
    "mid" : 818,
    "created" : 1448269215257,
    "measure" : "weight",
    "value" : "78.9",
    "units" : "kg"
  } ]
}
============================================================
Request #5: DELETE /person/707
=> Result: OK
=> HTTP Status: 204

============================================================
Request #6: GET /measureTypes Accept: application/json
=> Result: OK
=> HTTP Status: 200
{
  "measureType" : [ "weight", "height", "steps" ]
}
============================================================
Request #7: GET /person/1/weight Accept: application/json
=> Result: OK
=> HTTP Status: 200
[ {
  "mid" : 782,
  "created" : 1448146800000,
  "measure" : "weight",
  "value" : "66.5",
  "units" : "kg"
}, {
  "mid" : 1,
  "created" : 1433628000000,
  "measure" : "weight",
  "value" : "66.5",
  "units" : "kg"
}, {
  "mid" : 2,
  "created" : 1433628000000,
  "measure" : "weight",
  "value" : "64",
  "units" : "kg"
}, {
  "mid" : 3,
  "created" : 1433628000000,
  "measure" : "weight",
  "value" : "58",
  "units" : "kg"
}, {
  "mid" : 779,
  "created" : 1323385200000,
  "measure" : "weight",
  "value" : "72",
  "units" : "kg"
} ]
============================================================
Request #7: GET /person/1/height Accept: application/json
=> Result: OK
=> HTTP Status: 200
[ {
  "mid" : 4,
  "created" : 1433628000000,
  "measure" : "height",
  "value" : "170",
  "units" : "cm"
}, {
  "mid" : 5,
  "created" : 1433628000000,
  "measure" : "height",
  "value" : "172",
  "units" : "cm"
} ]
============================================================
Request #7: GET /person/1/steps Accept: application/json
=> Result: OK
=> HTTP Status: 200
[ {
  "mid" : 815,
  "created" : 1433627900000,
  "measure" : "steps",
  "value" : "6655",
  "units" : "steps"
} ]
============================================================
Request #7: GET /person/5/weight Accept: application/json
=> Result: ERROR
=> HTTP Status: 200
[ ]
============================================================
Request #7: GET /person/5/height Accept: application/json
=> Result: ERROR
=> HTTP Status: 200
[ ]
============================================================
Request #7: GET /person/5/steps Accept: application/json
=> Result: OK
=> HTTP Status: 200
[ {
  "mid" : 758,
  "created" : 1323385200000,
  "measure" : "steps",
  "value" : "11222",
  "units" : "steps"
}, {
  "mid" : 763,
  "created" : 1323385100000,
  "measure" : "steps",
  "value" : "7222",
  "units" : "steps"
}, {
  "mid" : 753,
  "created" : 1323385020000,
  "measure" : "steps",
  "value" : "12340",
  "units" : "steps"
} ]
============================================================
Request #8: GET /person/5/steps/758 Accept: application/json
=> Result: OK
=> HTTP Status: 200
{
  "mid" : 758,
  "created" : 1323385200000,
  "measure" : "steps",
  "value" : "11222",
  "units" : "steps"
}
============================================================
Request #9: GET /person/1/weight Accept: application/json
=> Result: OK
=> HTTP Status: 200
[ {
  "mid" : 782,
  "created" : 1448146800000,
  "measure" : "weight",
  "value" : "66.5",
  "units" : "kg"
}, {
  "mid" : 1,
  "created" : 1433628000000,
  "measure" : "weight",
  "value" : "66.5",
  "units" : "kg"
}, {
  "mid" : 2,
  "created" : 1433628000000,
  "measure" : "weight",
  "value" : "64",
  "units" : "kg"
}, {
  "mid" : 3,
  "created" : 1433628000000,
  "measure" : "weight",
  "value" : "58",
  "units" : "kg"
}, {
  "mid" : 820,
  "created" : 1323388800000,
  "measure" : "weight",
  "value" : "72",
  "units" : "kg"
}, {
  "mid" : 779,
  "created" : 1323385200000,
  "measure" : "weight",
  "value" : "72",
  "units" : "kg"
} ]
============================================================
Request #9: POST /person/1/weight Accept: application/json Content-Type: application/json
=> Result: OK
=> HTTP Status: 201
{
  "mid" : 821,
  "created" : 1323388800000,
  "measure" : "weight",
  "value" : "72",
  "units" : "kg"
}
============================================================
Request #9: GET /person/1/weight Accept: application/json
=> Result: OK
=> HTTP Status: 200
[ {
  "mid" : 782,
  "created" : 1448146800000,
  "measure" : "weight",
  "value" : "66.5",
  "units" : "kg"
}, {
  "mid" : 1,
  "created" : 1433628000000,
  "measure" : "weight",
  "value" : "66.5",
  "units" : "kg"
}, {
  "mid" : 2,
  "created" : 1433628000000,
  "measure" : "weight",
  "value" : "64",
  "units" : "kg"
}, {
  "mid" : 3,
  "created" : 1433628000000,
  "measure" : "weight",
  "value" : "58",
  "units" : "kg"
}, {
  "mid" : 820,
  "created" : 1323388800000,
  "measure" : "weight",
  "value" : "72",
  "units" : "kg"
}, {
  "mid" : 821,
  "created" : 1323388800000,
  "measure" : "weight",
  "value" : "72",
  "units" : "kg"
}, {
  "mid" : 779,
  "created" : 1323385200000,
  "measure" : "weight",
  "value" : "72",
  "units" : "kg"
} ]
